


ARM Macro Assembler    Page 1 


    1 00000000                 AREA             RESET, CODE
    2 00000000                 ENTRY
    3 00000000 E59F0038        LDR              R0,=VALUE1
    4 00000004 E5901000        LDR              R1,[R0]
    5 00000008 E5902004        LDR              R2,[R0,#4]
    6 0000000C E59F0030        LDR              R0,=VALUE2
    7 00000010 E5903000        LDR              R3,[R0]
    8 00000014 E5904004        LDR              R4,[R0,#4]
    9 00000018 E0926004        ADDS             R6,R2,R4
   10 0000001C E0A15003        ADC              R5,R1,R3
   11 00000020 E59F0020        LDR              R0,=RESULT
   12 00000024 E5805000        STR              R5,[R0]
   13 00000028 E5806004        STR              R6,[R0,#4]
   14 0000002C EAFFFFFE 
                       STOP    B                STOP
   15 00000030 BBBBBBBB 
              AAAAAAAA VALUE1  DCD              &BBBBBBBB,&AAAAAAAA
   16 00000038 CCCCCCCC 
              FFFFFFFF VALUE2  DCD              &CCCCCCCC,&FFFFFFFF
   17 00000040 00000000 
              00000000 
              00000000         AREA             MEMORY, DATA
   18 00000000 00 00 00 
              00       RESULT  SPACE            4
   19 00000004                 END
Command Line: --debug --xref --diag_suppress=9931 --apcs=interwork --depend=.\o
bjects\1b.d -o.\objects\1b.o -IC:\Keil_v5\ARM\RV31\INC -IC:\Keil_v5\ARM\CMSIS\I
nclude -IC:\Keil_v5\ARM\INC\Philips --predefine="__EVAL SETA 1" --predefine="__
UVISION_VERSION SETA 528" --list=.\listings\1b.lst 1b.asm



ARM Macro Assembler    Page 1 Alphabetic symbol ordering
Relocatable symbols

RESET 00000000

Symbol: RESET
   Definitions
      At line 1 in file 1b.asm
   Uses
      None
Comment: RESET unused
STOP 0000002C

Symbol: STOP
   Definitions
      At line 14 in file 1b.asm
   Uses
      At line 14 in file 1b.asm
Comment: STOP used once
VALUE1 00000030

Symbol: VALUE1
   Definitions
      At line 15 in file 1b.asm
   Uses
      At line 3 in file 1b.asm
Comment: VALUE1 used once
VALUE2 00000038

Symbol: VALUE2
   Definitions
      At line 16 in file 1b.asm
   Uses
      At line 6 in file 1b.asm
Comment: VALUE2 used once
4 symbols



ARM Macro Assembler    Page 1 Alphabetic symbol ordering
Relocatable symbols

MEMORY 00000000

Symbol: MEMORY
   Definitions
      At line 17 in file 1b.asm
   Uses
      None
Comment: MEMORY unused
RESULT 00000000

Symbol: RESULT
   Definitions
      At line 18 in file 1b.asm
   Uses
      At line 11 in file 1b.asm
Comment: RESULT used once
2 symbols
340 symbols in table
